0 info it worked if it ends with ok
1 verbose cli [ '/usr/local/bin/node', '/usr/local/bin/npm', 'run', 'lint' ]
2 info using npm@4.0.2
3 info using node@v6.2.1
4 verbose run-script [ 'prelint', 'lint', 'postlint' ]
5 info lifecycle sinon-chrome@1.2.0~prelint: sinon-chrome@1.2.0
6 silly lifecycle sinon-chrome@1.2.0~prelint: no script for prelint, continuing
7 info lifecycle sinon-chrome@1.2.0~lint: sinon-chrome@1.2.0
8 verbose lifecycle sinon-chrome@1.2.0~lint: unsafe-perm in lifecycle true
9 verbose lifecycle sinon-chrome@1.2.0~lint: PATH: /usr/local/lib/node_modules/npm/bin/node-gyp-bin:/Users/zwentz/Development/sinon-chrome/node_modules/.bin:/usr/local/lib/node_modules/npm/bin/node-gyp-bin:/Users/zwentz/Development/sinon-chrome/node_modules/.bin:/Users/zwentz/Downloads/google-cloud-sdk/bin:/Users/zwentz/.rvm/gems/ruby-2.2.1/bin:/Users/zwentz/.rvm/gems/ruby-2.2.1@global/bin:/Users/zwentz/.rvm/rubies/ruby-2.2.1/bin:/usr/local/bin:/usr/bin:/bin:/usr/sbin:/sbin:/Users/zwentz/usr/local/bin:/usr/bin:/bin:/usr/sbin:/sbin:/Users/zwentz/.rvm/bin
10 verbose lifecycle sinon-chrome@1.2.0~lint: CWD: /Users/zwentz/Development/sinon-chrome
11 silly lifecycle sinon-chrome@1.2.0~lint: Args: [ '-c', 'eslint ./src ./test && jscs ./src ./test' ]
12 silly lifecycle sinon-chrome@1.2.0~lint: Returned: code: 1  signal: null
13 info lifecycle sinon-chrome@1.2.0~lint: Failed to exec lint script
14 verbose stack Error: sinon-chrome@1.2.0 lint: `eslint ./src ./test && jscs ./src ./test`
14 verbose stack Exit status 1
14 verbose stack     at EventEmitter.<anonymous> (/usr/local/lib/node_modules/npm/lib/utils/lifecycle.js:279:16)
14 verbose stack     at emitTwo (events.js:106:13)
14 verbose stack     at EventEmitter.emit (events.js:191:7)
14 verbose stack     at ChildProcess.<anonymous> (/usr/local/lib/node_modules/npm/lib/utils/spawn.js:40:14)
14 verbose stack     at emitTwo (events.js:106:13)
14 verbose stack     at ChildProcess.emit (events.js:191:7)
14 verbose stack     at maybeClose (internal/child_process.js:852:16)
14 verbose stack     at Process.ChildProcess._handle.onexit (internal/child_process.js:215:5)
15 verbose pkgid sinon-chrome@1.2.0
16 verbose cwd /Users/zwentz/Development/sinon-chrome
17 error Darwin 16.0.0
18 error argv "/usr/local/bin/node" "/usr/local/bin/npm" "run" "lint"
19 error node v6.2.1
20 error npm  v4.0.2
21 error code ELIFECYCLE
22 error sinon-chrome@1.2.0 lint: `eslint ./src ./test && jscs ./src ./test`
22 error Exit status 1
23 error Failed at the sinon-chrome@1.2.0 lint script 'eslint ./src ./test && jscs ./src ./test'.
23 error Make sure you have the latest version of node.js and npm installed.
23 error If you do, this is most likely a problem with the sinon-chrome package,
23 error not with npm itself.
23 error Tell the author that this fails on your system:
23 error     eslint ./src ./test && jscs ./src ./test
23 error You can get information on how to open an issue for this project with:
23 error     npm bugs sinon-chrome
23 error Or if that isn't available, you can get their info via:
23 error     npm owner ls sinon-chrome
23 error There is likely additional logging output above.
24 verbose exit [ 1, true ]
